<?xml version="1.0" encoding="UTF-8"?>
<!-- Generated by org.testng.reporters.JUnitXMLReporter -->
<testsuite ignored="5" hostname="ELW5201" failures="0" tests="4" name="Car Loan" time="0.013" errors="0" timestamp="2023-01-15T16:40:01 IST">
  <testcase classname="testngdemo.day3" name="mobilecarloan" time="0.001"/>
  <testcase classname="testngdemo.day5" name="extracarloan" time="0.001"/>
  <testcase classname="testngdemo.day5" name="newcarloan" time="0.002"/>
  <testcase classname="testngdemo.day5" name="newcarloanbmw" time="0.001"/>
  <testcase classname="testngdemo.day3" name="mobileappscarloan" time="0.0">
    <ignored/>
  </testcase> <!-- mobileappscarloan -->
  <testcase classname="testngdemo.day3" name="apicarloan" time="0.0">
    <ignored/>
  </testcase> <!-- apicarloan -->
  <testcase classname="testngdemo.day3" name="mobilelogincarloan" time="0.0">
    <ignored/>
  </testcase> <!-- mobilelogincarloan -->
  <testcase classname="testngdemo.day3" name="webcarloan" time="0.0">
    <ignored/>
  </testcase> <!-- webcarloan -->
  <testcase classname="testngdemo.day3" name="mobilesigncarloan" time="0.0">
    <ignored/>
  </testcase> <!-- mobilesigncarloan -->
</testsuite> <!-- Car Loan -->
