<?xml version="1.0" encoding="UTF-8"?>
<!-- Generated by org.testng.reporters.JUnitXMLReporter -->
<testsuite ignored="1" hostname="ELW5201" failures="0" tests="3" name="Home Loan" time="0.006" errors="0" timestamp="2023-01-15T16:40:01 IST">
  <testcase classname="testngdemo.day4" name="mobilehomeloan" time="0.0"/>
  <testcase classname="testngdemo.day4" name="mobilehomeloanlink" time="0.001"/>
  <testcase classname="testngdemo.day4" name="webhomeloan" time="0.001"/>
  <testcase classname="testngdemo.day4" name="apihomeloan" time="0.0">
    <ignored/>
  </testcase> <!-- apihomeloan -->
</testsuite> <!-- Home Loan -->
