<?xml version="1.0" encoding="UTF-8"?>
<!-- Generated by org.testng.reporters.JUnitXMLReporter -->
<testsuite ignored="19" hostname="ELW5201" failures="0" tests="3" name="regression" time="0.054" errors="0" timestamp="2023-01-15T16:45:20 IST">
  <testcase classname="testngdemo.day1" name="asdf" time="0.007"/>
  <testcase classname="testngdemo.day3" name="mobileappscarloan" time="0.001"/>
  <testcase classname="testngdemo.day5" name="newcarloanbmw" time="0.001"/>
  <testcase classname="testngdemo.day3" name="mobilecarloan" time="0.0">
    <ignored/>
  </testcase> <!-- mobilecarloan -->
  <testcase classname="testngdemo.day5" name="newcarloan" time="0.0">
    <ignored/>
  </testcase> <!-- newcarloan -->
  <testcase classname="testngdemo.day4" name="mobilehomeloanlink" time="0.0">
    <ignored/>
  </testcase> <!-- mobilehomeloanlink -->
  <testcase classname="testngdemo.day3" name="mobilesigncarloan" time="0.0">
    <ignored/>
  </testcase> <!-- mobilesigncarloan -->
  <testcase classname="testngdemo.day6" name="bank" time="0.0">
    <ignored/>
  </testcase> <!-- bank -->
  <testcase classname="testngdemo.day1" name="printother" time="0.0">
    <ignored/>
  </testcase> <!-- printother -->
  <testcase classname="testngdemo.day3" name="webcarloan" time="0.0">
    <ignored/>
  </testcase> <!-- webcarloan -->
  <testcase classname="testngdemo.day4" name="apihomeloan" time="0.0">
    <ignored/>
  </testcase> <!-- apihomeloan -->
  <testcase classname="testngdemo.day5" name="extracarloan" time="0.0">
    <ignored/>
  </testcase> <!-- extracarloan -->
  <testcase classname="testngdemo.day1" name="printt" time="0.0">
    <ignored/>
  </testcase> <!-- printt -->
  <testcase classname="testngdemo.day1" name="printpara" time="0.0">
    <ignored/>
  </testcase> <!-- printpara -->
  <testcase classname="testngdemo.day3" name="apicarloan" time="0.0">
    <ignored/>
  </testcase> <!-- apicarloan -->
  <testcase classname="testngdemo.day4" name="mobilehomeloan" time="0.0">
    <ignored/>
  </testcase> <!-- mobilehomeloan -->
  <testcase classname="testngdemo.day2" name="pythonn" time="0.0">
    <ignored/>
  </testcase> <!-- pythonn -->
  <testcase classname="testngdemo.day2" name="printtestfail" time="0.0">
    <ignored/>
  </testcase> <!-- printtestfail -->
  <testcase classname="testngdemo.day2" name="printt" time="0.0">
    <ignored/>
  </testcase> <!-- printt -->
  <testcase classname="testngdemo.day2" name="javaa" time="0.0">
    <ignored/>
  </testcase> <!-- javaa -->
  <testcase classname="testngdemo.day4" name="webhomeloan" time="0.0">
    <ignored/>
  </testcase> <!-- webhomeloan -->
  <testcase classname="testngdemo.day3" name="mobilelogincarloan" time="0.0">
    <ignored/>
  </testcase> <!-- mobilelogincarloan -->
</testsuite> <!-- regression -->
